# JRE version: OpenJDK Runtime Environment (11.0.12+7) (build 11.0.12+7-b1504.28-7817840)
# Java VM: OpenJDK 64-Bit Server VM (11.0.12+7-b1504.28-7817840, mixed mode, tiered, compressed oops, g1 gc, windows-amd64)
Heap:
 garbage-first heap   total 273408K, used 161675K [0x0000000080000000, 0x0000000100000000)
  region size 1024K, 39 young (39936K), 2 survivors (2048K)
 Metaspace       used 111349K, capacity 114403K, committed 114560K, reserved 1148928K
  class space    used 14333K, capacity 15486K, committed 15488K, reserved 1048576K
GC Heap History (20 events):
Event: 22.300 GC heap before
{Heap before GC invocations=22 (full 0):
 garbage-first heap   total 189440K, used 144384K [0x0000000080000000, 0x0000000100000000)
  region size 1024K, 70 young (71680K), 4 survivors (4096K)
 Metaspace       used 89366K, capacity 91438K, committed 91648K, reserved 1128448K
  class space    used 11511K, capacity 12260K, committed 12288K, reserved 1048576K
}
Event: 22.308 GC heap after
{Heap after GC invocations=23 (full 0):
 garbage-first heap   total 189440K, used 77242K [0x0000000080000000, 0x0000000100000000)
  region size 1024K, 5 young (5120K), 5 survivors (5120K)
 Metaspace       used 89366K, capacity 91438K, committed 91648K, reserved 1128448K
  class space    used 11511K, capacity 12260K, committed 12288K, reserved 1048576K
}
Event: 23.402 GC heap before
{Heap before GC invocations=23 (full 0):
 garbage-first heap   total 189440K, used 145850K [0x0000000080000000, 0x0000000100000000)
  region size 1024K, 73 young (74752K), 5 survivors (5120K)
 Metaspace       used 91427K, capacity 93708K, committed 93952K, reserved 1130496K
  class space    used 11853K, capacity 12701K, committed 12800K, reserved 1048576K
}
Event: 23.416 GC heap after
{Heap after GC invocations=24 (full 0):
 garbage-first heap   total 189440K, used 80498K [0x0000000080000000, 0x0000000100000000)
  region size 1024K, 8 young (8192K), 8 survivors (8192K)
 Metaspace       used 91427K, capacity 93708K, committed 93952K, reserved 1130496K
  class space    used 11853K, capacity 12701K, committed 12800K, reserved 1048576K
}
Event: 24.614 GC heap before
{Heap before GC invocations=24 (full 0):
 garbage-first heap   total 189440K, used 149106K [0x0000000080000000, 0x0000000100000000)
  region size 1024K, 76 young (77824K), 8 survivors (8192K)
 Metaspace       used 91981K, capacity 94273K, committed 94464K, reserved 1130496K
  class space    used 11862K, capacity 12708K, committed 12800K, reserved 1048576K
}
Event: 24.636 GC heap after
{Heap after GC invocations=25 (full 0):
 garbage-first heap   total 189440K, used 85327K [0x0000000080000000, 0x0000000100000000)
  region size 1024K, 9 young (9216K), 9 survivors (9216K)
 Metaspace       used 91981K, capacity 94273K, committed 94464K, reserved 1130496K
  class space    used 11862K, capacity 12708K, committed 12800K, reserved 1048576K
}
Event: 25.575 GC heap before
{Heap before GC invocations=25 (full 0):
 garbage-first heap   total 189440K, used 151887K [0x0000000080000000, 0x0000000100000000)
  region size 1024K, 75 young (76800K), 9 survivors (9216K)
 Metaspace       used 93233K, capacity 95612K, committed 95872K, reserved 1132544K
  class space    used 12031K, capacity 12917K, committed 12928K, reserved 1048576K
}
Event: 25.595 GC heap after
{Heap after GC invocations=26 (full 0):
 garbage-first heap   total 227328K, used 90012K [0x0000000080000000, 0x0000000100000000)
  region size 1024K, 10 young (10240K), 10 survivors (10240K)
 Metaspace       used 93233K, capacity 95612K, committed 95872K, reserved 1132544K
  class space    used 12031K, capacity 12917K, committed 12928K, reserved 1048576K
}
Event: 26.712 GC heap before
{Heap before GC invocations=26 (full 0):
 garbage-first heap   total 227328K, used 172956K [0x0000000080000000, 0x0000000100000000)
  region size 1024K, 92 young (94208K), 10 survivors (10240K)
 Metaspace       used 95941K, capacity 98405K, committed 98560K, reserved 1134592K
  class space    used 12391K, capacity 13271K, committed 13312K, reserved 1048576K
}
Event: 26.736 GC heap after
{Heap after GC invocations=27 (full 0):
 garbage-first heap   total 227328K, used 93020K [0x0000000080000000, 0x0000000100000000)
  region size 1024K, 8 young (8192K), 8 survivors (8192K)
 Metaspace       used 95941K, capacity 98405K, committed 98560K, reserved 1134592K
  class space    used 12391K, capacity 13271K, committed 13312K, reserved 1048576K
}
Event: 28.939 GC heap before
{Heap before GC invocations=27 (full 0):
 garbage-first heap   total 227328K, used 181084K [0x0000000080000000, 0x0000000100000000)
  region size 1024K, 91 young (93184K), 8 survivors (8192K)
 Metaspace       used 101340K, capacity 103933K, committed 104192K, reserved 1138688K
  class space    used 13059K, capacity 14008K, committed 14080K, reserved 1048576K
}
Event: 28.983 GC heap after
{Heap after GC invocations=28 (full 0):
 garbage-first heap   total 227328K, used 108971K [0x0000000080000000, 0x0000000100000000)
  region size 1024K, 12 young (12288K), 12 survivors (12288K)
 Metaspace       used 101340K, capacity 103933K, committed 104192K, reserved 1138688K
  class space    used 13059K, capacity 14008K, committed 14080K, reserved 1048576K
}
Event: 31.037 GC heap before
{Heap before GC invocations=28 (full 0):
 garbage-first heap   total 227328K, used 179627K [0x0000000080000000, 0x0000000100000000)
  region size 1024K, 82 young (83968K), 12 survivors (12288K)
 Metaspace       used 107490K, capacity 110335K, committed 110592K, reserved 1144832K
  class space    used 13995K, capacity 15050K, committed 15104K, reserved 1048576K
}
Event: 31.074 GC heap after
{Heap after GC invocations=29 (full 0):
 garbage-first heap   total 227328K, used 121856K [0x0000000080000000, 0x0000000100000000)
  region size 1024K, 11 young (11264K), 11 survivors (11264K)
 Metaspace       used 107490K, capacity 110335K, committed 110592K, reserved 1144832K
  class space    used 13995K, capacity 15050K, committed 15104K, reserved 1048576K
}
Event: 32.276 GC heap before
{Heap before GC invocations=29 (full 0):
 garbage-first heap   total 227328K, used 182272K [0x0000000080000000, 0x0000000100000000)
  region size 1024K, 70 young (71680K), 11 survivors (11264K)
 Metaspace       used 109048K, capacity 111926K, committed 112000K, reserved 1146880K
  class space    used 14089K, capacity 15163K, committed 15232K, reserved 1048576K
}
Event: 32.304 GC heap after
{Heap after GC invocations=30 (full 0):
 garbage-first heap   total 227328K, used 125952K [0x0000000080000000, 0x0000000100000000)
  region size 1024K, 3 young (3072K), 3 survivors (3072K)
 Metaspace       used 109048K, capacity 111926K, committed 112000K, reserved 1146880K
  class space    used 14089K, capacity 15163K, committed 15232K, reserved 1048576K
}
Event: 33.405 GC heap before
{Heap before GC invocations=31 (full 0):
 garbage-first heap   total 227328K, used 185344K [0x0000000080000000, 0x0000000100000000)
  region size 1024K, 61 young (62464K), 3 survivors (3072K)
 Metaspace       used 109639K, capacity 112530K, committed 112768K, reserved 1146880K
  class space    used 14132K, capacity 15209K, committed 15232K, reserved 1048576K
}
Event: 33.413 GC heap after
{Heap after GC invocations=32 (full 0):
 garbage-first heap   total 273408K, used 124771K [0x0000000080000000, 0x0000000100000000)
  region size 1024K, 2 young (2048K), 2 survivors (2048K)
 Metaspace       used 109639K, capacity 112530K, committed 112768K, reserved 1146880K
  class space    used 14132K, capacity 15209K, committed 15232K, reserved 1048576K
}
Event: 36.000 GC heap before
{Heap before GC invocations=32 (full 0):
 garbage-first heap   total 273408K, used 206691K [0x0000000080000000, 0x0000000100000000)
  region size 1024K, 82 young (83968K), 2 survivors (2048K)
 Metaspace       used 111260K, capacity 114266K, committed 114304K, reserved 1148928K
  class space    used 14330K, capacity 15485K, committed 15488K, reserved 1048576K
}
Event: 36.006 GC heap after
{Heap after GC invocations=33 (full 0):
 garbage-first heap   total 273408K, used 124811K [0x0000000080000000, 0x0000000100000000)
  region size 1024K, 2 young (2048K), 2 survivors (2048K)
 Metaspace       used 111260K, capacity 114266K, committed 114304K, reserved 1148928K
  class space    used 14330K, capacity 15485K, committed 15488K, reserved 1048576K
}

