# JRE version: OpenJDK Runtime Environment (11.0.12+7) (build 11.0.12+7-b1504.28-7817840)
# Java VM: OpenJDK 64-Bit Server VM (11.0.12+7-b1504.28-7817840, mixed mode, tiered, compressed oops, g1 gc, windows-amd64)
Heap:
 garbage-first heap   total 330752K, used 185856K [0x0000000080000000, 0x0000000100000000)
  region size 1024K, 28 young (28672K), 5 survivors (5120K)
 Metaspace       used 128773K, capacity 131983K, committed 132040K, reserved 1165312K
  class space    used 16004K, capacity 17228K, committed 17280K, reserved 1048576K
GC Heap History (20 events):
Event: 35.554 GC heap before
{Heap before GC invocations=47 (full 0):
 garbage-first heap   total 330752K, used 188483K [0x0000000080000000, 0x0000000100000000)
  region size 1024K, 44 young (45056K), 6 survivors (6144K)
 Metaspace       used 116099K, capacity 119187K, committed 119368K, reserved 1153024K
  class space    used 14705K, capacity 15871K, committed 15872K, reserved 1048576K
}
Event: 35.561 GC heap after
{Heap after GC invocations=48 (full 0):
 garbage-first heap   total 330752K, used 147699K [0x0000000080000000, 0x0000000100000000)
  region size 1024K, 3 young (3072K), 3 survivors (3072K)
 Metaspace       used 116099K, capacity 119187K, committed 119368K, reserved 1153024K
  class space    used 14705K, capacity 15871K, committed 15872K, reserved 1048576K
}
Event: 36.288 GC heap before
{Heap before GC invocations=48 (full 0):
 garbage-first heap   total 330752K, used 161011K [0x0000000080000000, 0x0000000100000000)
  region size 1024K, 16 young (16384K), 3 survivors (3072K)
 Metaspace       used 116114K, capacity 119187K, committed 119368K, reserved 1153024K
  class space    used 14705K, capacity 15871K, committed 15872K, reserved 1048576K
}
Event: 36.293 GC heap after
{Heap after GC invocations=49 (full 0):
 garbage-first heap   total 330752K, used 116739K [0x0000000080000000, 0x0000000100000000)
  region size 1024K, 1 young (1024K), 1 survivors (1024K)
 Metaspace       used 116114K, capacity 119187K, committed 119368K, reserved 1153024K
  class space    used 14705K, capacity 15871K, committed 15872K, reserved 1048576K
}
Event: 37.883 GC heap before
{Heap before GC invocations=49 (full 0):
 garbage-first heap   total 330752K, used 202755K [0x0000000080000000, 0x0000000100000000)
  region size 1024K, 86 young (88064K), 1 survivors (1024K)
 Metaspace       used 116381K, capacity 119475K, committed 119752K, reserved 1153024K
  class space    used 14720K, capacity 15903K, committed 16000K, reserved 1048576K
}
Event: 37.886 GC heap after
{Heap after GC invocations=50 (full 0):
 garbage-first heap   total 330752K, used 116338K [0x0000000080000000, 0x0000000100000000)
  region size 1024K, 1 young (1024K), 1 survivors (1024K)
 Metaspace       used 116381K, capacity 119475K, committed 119752K, reserved 1153024K
  class space    used 14720K, capacity 15903K, committed 16000K, reserved 1048576K
}
Event: 40.788 GC heap before
{Heap before GC invocations=50 (full 0):
 garbage-first heap   total 330752K, used 212594K [0x0000000080000000, 0x0000000100000000)
  region size 1024K, 96 young (98304K), 1 survivors (1024K)
 Metaspace       used 118952K, capacity 121982K, committed 122312K, reserved 1155072K
  class space    used 15006K, capacity 16176K, committed 16256K, reserved 1048576K
}
Event: 40.794 GC heap after
{Heap after GC invocations=51 (full 0):
 garbage-first heap   total 330752K, used 118154K [0x0000000080000000, 0x0000000100000000)
  region size 1024K, 3 young (3072K), 3 survivors (3072K)
 Metaspace       used 118952K, capacity 121982K, committed 122312K, reserved 1155072K
  class space    used 15006K, capacity 16176K, committed 16256K, reserved 1048576K
}
Event: 42.740 GC heap before
{Heap before GC invocations=51 (full 0):
 garbage-first heap   total 330752K, used 228746K [0x0000000080000000, 0x0000000100000000)
  region size 1024K, 112 young (114688K), 3 survivors (3072K)
 Metaspace       used 123377K, capacity 126403K, committed 126664K, reserved 1159168K
  class space    used 15525K, capacity 16677K, committed 16768K, reserved 1048576K
}
Event: 42.757 GC heap after
{Heap after GC invocations=52 (full 0):
 garbage-first heap   total 330752K, used 126280K [0x0000000080000000, 0x0000000100000000)
  region size 1024K, 10 young (10240K), 10 survivors (10240K)
 Metaspace       used 123377K, capacity 126403K, committed 126664K, reserved 1159168K
  class space    used 15525K, capacity 16677K, committed 16768K, reserved 1048576K
}
Event: 44.295 GC heap before
{Heap before GC invocations=52 (full 0):
 garbage-first heap   total 330752K, used 244040K [0x0000000080000000, 0x0000000100000000)
  region size 1024K, 122 young (124928K), 10 survivors (10240K)
 Metaspace       used 123799K, capacity 126867K, committed 126920K, reserved 1159168K
  class space    used 15554K, capacity 16717K, committed 16768K, reserved 1048576K
}
Event: 44.315 GC heap after
{Heap after GC invocations=53 (full 0):
 garbage-first heap   total 330752K, used 130779K [0x0000000080000000, 0x0000000100000000)
  region size 1024K, 11 young (11264K), 11 survivors (11264K)
 Metaspace       used 123799K, capacity 126867K, committed 126920K, reserved 1159168K
  class space    used 15554K, capacity 16717K, committed 16768K, reserved 1048576K
}
Event: 45.132 GC heap before
{Heap before GC invocations=53 (full 0):
 garbage-first heap   total 330752K, used 245467K [0x0000000080000000, 0x0000000100000000)
  region size 1024K, 124 young (126976K), 11 survivors (11264K)
 Metaspace       used 124910K, capacity 128044K, committed 128328K, reserved 1161216K
  class space    used 15664K, capacity 16835K, committed 16896K, reserved 1048576K
}
Event: 45.161 GC heap after
{Heap after GC invocations=54 (full 0):
 garbage-first heap   total 330752K, used 144898K [0x0000000080000000, 0x0000000100000000)
  region size 1024K, 16 young (16384K), 16 survivors (16384K)
 Metaspace       used 124910K, capacity 128044K, committed 128328K, reserved 1161216K
  class space    used 15664K, capacity 16835K, committed 16896K, reserved 1048576K
}
Event: 46.267 GC heap before
{Heap before GC invocations=54 (full 0):
 garbage-first heap   total 330752K, used 251394K [0x0000000080000000, 0x0000000100000000)
  region size 1024K, 121 young (123904K), 16 survivors (16384K)
 Metaspace       used 126228K, capacity 129418K, committed 129480K, reserved 1161216K
  class space    used 15826K, capacity 17003K, committed 17024K, reserved 1048576K
}
Event: 46.301 GC heap after
{Heap after GC invocations=55 (full 0):
 garbage-first heap   total 330752K, used 160393K [0x0000000080000000, 0x0000000100000000)
  region size 1024K, 16 young (16384K), 16 survivors (16384K)
 Metaspace       used 126228K, capacity 129418K, committed 129480K, reserved 1161216K
  class space    used 15826K, capacity 17003K, committed 17024K, reserved 1048576K
}
Event: 47.435 GC heap before
{Heap before GC invocations=55 (full 0):
 garbage-first heap   total 330752K, used 255625K [0x0000000080000000, 0x0000000100000000)
  region size 1024K, 109 young (111616K), 16 survivors (16384K)
 Metaspace       used 127057K, capacity 130190K, committed 130376K, reserved 1163264K
  class space    used 15853K, capacity 17040K, committed 17152K, reserved 1048576K
}
Event: 47.462 GC heap after
{Heap after GC invocations=56 (full 0):
 garbage-first heap   total 330752K, used 164352K [0x0000000080000000, 0x0000000100000000)
  region size 1024K, 5 young (5120K), 5 survivors (5120K)
 Metaspace       used 127057K, capacity 130190K, committed 130376K, reserved 1163264K
  class space    used 15853K, capacity 17040K, committed 17152K, reserved 1048576K
}
Event: 48.679 GC heap before
{Heap before GC invocations=56 (full 0):
 garbage-first heap   total 330752K, used 261632K [0x0000000080000000, 0x0000000100000000)
  region size 1024K, 100 young (102400K), 5 survivors (5120K)
 Metaspace       used 128217K, capacity 131414K, committed 131656K, reserved 1163264K
  class space    used 15933K, capacity 17132K, committed 17152K, reserved 1048576K
}
Event: 48.690 GC heap after
{Heap after GC invocations=57 (full 0):
 garbage-first heap   total 330752K, used 164352K [0x0000000080000000, 0x0000000100000000)
  region size 1024K, 5 young (5120K), 5 survivors (5120K)
 Metaspace       used 128217K, capacity 131414K, committed 131656K, reserved 1163264K
  class space    used 15933K, capacity 17132K, committed 17152K, reserved 1048576K
}

